[debug] [2022-09-25T14:21:47.203Z] ----------------------------------------------------------------------
[debug] [2022-09-25T14:21:47.206Z] Command:       C:\Program Files\nodejs\node.exe E:\Fiver\digital uprisers\dfinance-client\node_modules\firebase-tools\lib\bin\firebase.js deploy
[debug] [2022-09-25T14:21:47.207Z] CLI Version:   11.6.0
[debug] [2022-09-25T14:21:47.207Z] Platform:      win32
[debug] [2022-09-25T14:21:47.207Z] Node Version:  v16.4.0
[debug] [2022-09-25T14:21:47.216Z] Time:          Sun Sep 25 2022 19:21:47 GMT+0500 (Pakistan Standard Time)
[debug] [2022-09-25T14:21:47.216Z] ----------------------------------------------------------------------
[debug] 
[debug] [2022-09-25T14:21:47.231Z] >>> [apiv2][query] GET https://firebase-public.firebaseio.com/cli.json [none]
[debug] [2022-09-25T14:21:47.385Z] > command requires scopes: ["email","openid","https://www.googleapis.com/auth/cloudplatformprojects.readonly","https://www.googleapis.com/auth/firebase","https://www.googleapis.com/auth/cloud-platform"]
[debug] [2022-09-25T14:21:47.386Z] > authorizing via signed-in user (amirsamtio@gmail.com)
[debug] [2022-09-25T14:21:47.386Z] [iam] checking project dfinance-dev for permissions ["firebase.projects.get","firebasehosting.sites.update"]
[debug] [2022-09-25T14:21:47.387Z] > refreshing access token with scopes: []
[debug] [2022-09-25T14:21:47.389Z] >>> [apiv2][query] POST https://www.googleapis.com/oauth2/v3/token [none]
[debug] [2022-09-25T14:21:47.389Z] >>> [apiv2][body] POST https://www.googleapis.com/oauth2/v3/token [omitted]
[debug] [2022-09-25T14:21:47.417Z] FetchError: request to https://firebase-public.firebaseio.com/cli.json failed, reason: getaddrinfo ENOTFOUND firebase-public.firebaseio.com
    at ClientRequest.<anonymous> (E:\Fiver\digital uprisers\dfinance-client\node_modules\firebase-tools\node_modules\node-fetch\lib\index.js:1491:11)
    at ClientRequest.emit (node:events:394:28)
    at ClientRequest.emit (node:domain:470:12)
    at TLSSocket.socketErrorListener (node:_http_client:447:9)
    at TLSSocket.emit (node:events:394:28)
    at TLSSocket.emit (node:domain:470:12)
    at emitErrorNT (node:internal/streams/destroy:193:8)
    at emitErrorCloseNT (node:internal/streams/destroy:158:3)
    at processTicksAndRejections (node:internal/process/task_queues:83:21)
[error] 
[error] Error: Failed to make request to https://firebase-public.firebaseio.com/cli.json
[debug] [2022-09-25T14:21:47.428Z] [iam] error while checking permissions, command may fail: FirebaseError: Authentication Error: Your credentials are no longer valid. Please run firebase login --reauth

For CI servers and headless environments, generate a new token with firebase login:ci
[debug] [2022-09-25T14:21:47.429Z] > refreshing access token with scopes: []
[debug] [2022-09-25T14:21:47.429Z] >>> [apiv2][query] POST https://www.googleapis.com/oauth2/v3/token [none]
[debug] [2022-09-25T14:21:47.430Z] >>> [apiv2][body] POST https://www.googleapis.com/oauth2/v3/token [omitted]
[debug] [2022-09-25T14:21:47.500Z] Authentication Error: Your credentials are no longer valid. Please run firebase login --reauth

For CI servers and headless environments, generate a new token with firebase login:ci
[debug] [2022-09-25T14:21:47.526Z] FirebaseError: Authentication Error: Your credentials are no longer valid. Please run firebase login --reauth

For CI servers and headless environments, generate a new token with firebase login:ci
    at invalidCredentialError (E:\Fiver\digital uprisers\dfinance-client\node_modules\firebase-tools\lib\auth.js:144:12)
    at refreshTokens (E:\Fiver\digital uprisers\dfinance-client\node_modules\firebase-tools\lib\auth.js:508:15)
    at processTicksAndRejections (node:internal/process/task_queues:96:5)
    at async Client.getAccessToken (E:\Fiver\digital uprisers\dfinance-client\node_modules\firebase-tools\lib\apiv2.js:149:23)
    at async Client.addAuthHeader (E:\Fiver\digital uprisers\dfinance-client\node_modules\firebase-tools\lib\apiv2.js:140:21)
    at async Client.request (E:\Fiver\digital uprisers\dfinance-client\node_modules\firebase-tools\lib\apiv2.js:96:34)
    at async getFirebaseProject (E:\Fiver\digital uprisers\dfinance-client\node_modules\firebase-tools\lib\management\projects.js:295:21)
    at async getDefaultHostingSite (E:\Fiver\digital uprisers\dfinance-client\node_modules\firebase-tools\lib\getDefaultHostingSite.js:8:21)
    at async requireHostingSite (E:\Fiver\digital uprisers\dfinance-client\node_modules\firebase-tools\lib\requireHostingSite.js:9:18)
    at async Object.fn (E:\Fiver\digital uprisers\dfinance-client\node_modules\firebase-tools\lib\commands\deploy.js:74:9)
    at async E:\Fiver\digital uprisers\dfinance-client\node_modules\firebase-tools\lib\command.js:214:17
[error] 
[error] Error: Failed to get Firebase project dfinance-dev. Please make sure the project exists and your account has permission to access it.
